<?xml version="1.0" encoding="UTF-8"?>
<testng-results ignored="0" total="1" passed="1" failed="0" skipped="0">
  <reporter-output>
  </reporter-output>
  <suite started-at="2024-09-07T12:49:51 PDT" name="Default suite" finished-at="2024-09-07T12:49:51 PDT" duration-ms="48">
    <groups>
    </groups>
    <test started-at="2024-09-07T12:49:51 PDT" name="Default test" finished-at="2024-09-07T12:49:51 PDT" duration-ms="48">
      <class name="introduction.TestNG1">
        <test-method signature="test()[pri:0, instance:introduction.TestNG1@4803b726]" started-at="2024-09-07T12:49:51 PDT" name="test" finished-at="2024-09-07T12:49:51 PDT" duration-ms="12" status="PASS">
          <reporter-output>
          </reporter-output>
        </test-method> <!-- test -->
      </class> <!-- introduction.TestNG1 -->
    </test> <!-- Default test -->
  </suite> <!-- Default suite -->
</testng-results>
